<html>
<head>
<title>TestNG:  Default test</title>
<link href="../testng.css" rel="stylesheet" type="text/css" />
<link href="../my-testng.css" rel="stylesheet" type="text/css" />

<style type="text/css">
.log { display: none;} 
.stack-trace { display: none;} 
</style>
<script type="text/javascript">
<!--
function flip(e) {
  current = e.style.display;
  if (current == 'block') {
    e.style.display = 'none';
    return 0;
  }
  else {
    e.style.display = 'block';
    return 1;
  }
}

function toggleBox(szDivId, elem, msg1, msg2)
{
  var res = -1;  if (document.getElementById) {
    res = flip(document.getElementById(szDivId));
  }
  else if (document.all) {
    // this is the way old msie versions work
    res = flip(document.all[szDivId]);
  }
  if(elem) {
    if(res == 0) elem.innerHTML = msg1; else elem.innerHTML = msg2;
  }

}

function toggleAllBoxes() {
  if (document.getElementsByTagName) {
    d = document.getElementsByTagName('div');
    for (i = 0; i < d.length; i++) {
      if (d[i].className == 'log') {
        flip(d[i]);
      }
    }
  }
}

// -->
</script>

</head>
<body>
<h2 align='center'>Default test</h2><table border='1' align="center">
<tr>
<td>Tests passed/Failed/Skipped:</td><td>6/1/1</td>
</tr><tr>
<td>Started on:</td><td>Mon Aug 19 12:35:35 IST 2019</td>
</tr>
<tr><td>Total time:</td><td>0 seconds (166 ms)</td>
</tr><tr>
<td>Included groups:</td><td></td>
</tr><tr>
<td>Excluded groups:</td><td></td>
</tr>
</table><p/>
<small><i>(Hover the method name to see the test class name)</i></small><p/>
<table width='100%' border='1' class='invocation-failed'>
<tr><td colspan='4' align='center'><b>FAILED TESTS</b></td></tr>
<tr><td><b>Test method</b></td>
<td width="30%"><b>Exception</b></td>
<td width="10%"><b>Time (seconds)</b></td>
<td><b>Instance</b></td>
</tr>
<tr>
<td title='framework_testng.Testng_Method_Dependencies.ComposeEmail()'><b>ComposeEmail</b><br>Test class: framework_testng.Testng_Method_Dependencies</td>
<td><div><pre>java.lang.AssertionError: expected [msg] but found [emsg]
	at org.testng.Assert.fail(Assert.java:93)
	at org.testng.Assert.failNotEquals(Assert.java:512)
	at org.testng.Assert.assertEqualsImpl(Assert.java:134)
	at org.testng.Assert.assertEquals(Assert.java:115)
	at org.testng.Assert.assertEquals(Assert.java:189)
	at org.testng.Assert.assertEquals(Assert.java:199)
	at framework_testng.Testng_Method_Dependencies.ComposeEmail(Testng_Method_Dependencies.java:45)
	at sun.reflect.NativeMethodAccessorImpl.invoke0(Native Method)
	at sun.reflect.NativeMethodAccessorImpl.invoke(Unknown Source)
	at sun.reflect.DelegatingMethodAccessorImpl.invoke(Unknown Source)
	at java.lang.reflect.Method.invoke(Unknown Source)
	at org.testng.internal.MethodInvocationHelper.invokeMethod(MethodInvocationHelper.java:108)
	at org.testng.internal.Invoker.invokeMethod(Invoker.java:661)
	at org.testng.internal.Invoker.invokeTestMethod(Invoker.java:869)
	at org.testng.internal.Invoker.invokeTestMethods(Invoker.java:1193)
	at org.testng.internal.TestMethodWorker.invokeTestMethods(TestMethodWorker.java:126)
	at org.testng.internal.TestMethodWorker.run(TestMethodWorker.java:109)
	at org.testng.TestRunner.privateRun(TestRunner.java:744)
	at org.testng.TestRunner.run(TestRunner.java:602)
	at org.testng.SuiteRunner.runTest(SuiteRunner.java:380)
	at org.testng.SuiteRunner.runSequentially(SuiteRunner.java:375)
	at org.testng.SuiteRunner.privateRun(SuiteRunner.java:340)
	at org.testng.SuiteRunner.run(SuiteRunner.java:289)
	at org.testng.SuiteRunnerWorker.runSuite(SuiteRunnerWorker.java:52)
	at org.testng.SuiteRunnerWorker.run(SuiteRunnerWorker.java:86)
	at org.testng.TestNG.runSuitesSequentially(TestNG.java:1301)
	at org.testng.TestNG.runSuitesLocally(TestNG.java:1226)
	at org.testng.TestNG.runSuites(TestNG.java:1144)
	at org.testng.TestNG.run(TestNG.java:1115)
	at org.testng.remote.RemoteTestNG.run(RemoteTestNG.java:113)
	at org.testng.remote.RemoteTestNG.initAndRun(RemoteTestNG.java:206)
	at org.testng.remote.RemoteTestNG.main(RemoteTestNG.java:177)
</pre></div><a href='#' onClick='toggleBox("stack-trace1836643189", this, "Click to show all stack frames", "Click to hide stack frames")'>Click to show all stack frames</a>
<div class='stack-trace' id='stack-trace1836643189'><pre>java.lang.AssertionError: expected [msg] but found [emsg]
	at org.testng.Assert.fail(Assert.java:93)
	at org.testng.Assert.failNotEquals(Assert.java:512)
	at org.testng.Assert.assertEqualsImpl(Assert.java:134)
	at org.testng.Assert.assertEquals(Assert.java:115)
	at org.testng.Assert.assertEquals(Assert.java:189)
	at org.testng.Assert.assertEquals(Assert.java:199)
	at framework_testng.Testng_Method_Dependencies.ComposeEmail(Testng_Method_Dependencies.java:45)
	at sun.reflect.NativeMethodAccessorImpl.invoke0(Native Method)
	at sun.reflect.NativeMethodAccessorImpl.invoke(Unknown Source)
	at sun.reflect.DelegatingMethodAccessorImpl.invoke(Unknown Source)
	at java.lang.reflect.Method.invoke(Unknown Source)
	at org.testng.internal.MethodInvocationHelper.invokeMethod(MethodInvocationHelper.java:108)
	at org.testng.internal.Invoker.invokeMethod(Invoker.java:661)
	at org.testng.internal.Invoker.invokeTestMethod(Invoker.java:869)
	at org.testng.internal.Invoker.invokeTestMethods(Invoker.java:1193)
	at org.testng.internal.TestMethodWorker.invokeTestMethods(TestMethodWorker.java:126)
	at org.testng.internal.TestMethodWorker.run(TestMethodWorker.java:109)
	at org.testng.TestRunner.privateRun(TestRunner.java:744)
	at org.testng.TestRunner.run(TestRunner.java:602)
	at org.testng.SuiteRunner.runTest(SuiteRunner.java:380)
	at org.testng.SuiteRunner.runSequentially(SuiteRunner.java:375)
	at org.testng.SuiteRunner.privateRun(SuiteRunner.java:340)
	at org.testng.SuiteRunner.run(SuiteRunner.java:289)
	at org.testng.SuiteRunnerWorker.runSuite(SuiteRunnerWorker.java:52)
	at org.testng.SuiteRunnerWorker.run(SuiteRunnerWorker.java:86)
	at org.testng.TestNG.runSuitesSequentially(TestNG.java:1301)
	at org.testng.TestNG.runSuitesLocally(TestNG.java:1226)
	at org.testng.TestNG.runSuites(TestNG.java:1144)
	at org.testng.TestNG.run(TestNG.java:1115)
	at org.testng.remote.RemoteTestNG.run(RemoteTestNG.java:113)
	at org.testng.remote.RemoteTestNG.initAndRun(RemoteTestNG.java:206)
	at org.testng.remote.RemoteTestNG.main(RemoteTestNG.java:177)
</pre></div></td>
<td>0</td>
<td>framework_testng.Testng_Method_Dependencies@2a18f23c</td></tr>
</table><p>
<table width='100%' border='1' class='invocation-passed'>
<tr><td colspan='4' align='center'><b>PASSED TESTS</b></td></tr>
<tr><td><b>Test method</b></td>
<td width="30%"><b>Exception</b></td>
<td width="10%"><b>Time (seconds)</b></td>
<td><b>Instance</b></td>
</tr>
<tr>
<td title='framework_testng.Testng_Method_Dependencies.App_Load()'><b>App_Load</b><br>Test class: framework_testng.Testng_Method_Dependencies<br/>
<a href="#Output-1167116739" onClick='toggleBox("Output-1167116739", this, "Show output", "Hide output");'>Show output</a>

<a href="#Output-1167116739" onClick="toggleAllBoxes();">Show all outputs</a>
<div class='log' id="Output-1167116739">
Load application successfull<br/>
</div>
</td>
<td></td>
<td>0</td>
<td>framework_testng.Testng_Method_Dependencies@2a18f23c</td></tr>
<tr>
<td title='framework_testng.Testng_Method_Dependencies.Browser_launch()'><b>Browser_launch</b><br>Test class: framework_testng.Testng_Method_Dependencies<br/>
<a href="#Output-110992469" onClick='toggleBox("Output-110992469", this, "Show output", "Hide output");'>Show output</a>

<a href="#Output-110992469" onClick="toggleAllBoxes();">Show all outputs</a>
<div class='log' id="Output-110992469">
Browser launch successfull<br/>
</div>
</td>
<td></td>
<td>0</td>
<td>framework_testng.Testng_Method_Dependencies@2a18f23c</td></tr>
<tr>
<td title='framework_testng.Testng_Method_Dependencies.Search_email()'><b>Search_email</b><br>Test class: framework_testng.Testng_Method_Dependencies<br/>
<a href="#Output-559670971" onClick='toggleBox("Output-559670971", this, "Show output", "Hide output");'>Show output</a>

<a href="#Output-559670971" onClick="toggleAllBoxes();">Show all outputs</a>
<div class='log' id="Output-559670971">
Email found<br/>
</div>
</td>
<td></td>
<td>0</td>
<td>framework_testng.Testng_Method_Dependencies@2a18f23c</td></tr>
<tr>
<td title='framework_testng.Testng_Method_Dependencies.User_Signout()'><b>User_Signout</b><br>Test class: framework_testng.Testng_Method_Dependencies<br/>
<a href="#Output-1410986873" onClick='toggleBox("Output-1410986873", this, "Show output", "Hide output");'>Show output</a>

<a href="#Output-1410986873" onClick="toggleAllBoxes();">Show all outputs</a>
<div class='log' id="Output-1410986873">
Account signout successfull<br/>
</div>
</td>
<td></td>
<td>0</td>
<td>framework_testng.Testng_Method_Dependencies@2a18f23c</td></tr>
<tr>
<td title='framework_testng.Testng_Method_Dependencies.User_login()'><b>User_login</b><br>Test class: framework_testng.Testng_Method_Dependencies<br/>
<a href="#Output-1856056345" onClick='toggleBox("Output-1856056345", this, "Show output", "Hide output");'>Show output</a>

<a href="#Output-1856056345" onClick="toggleAllBoxes();">Show all outputs</a>
<div class='log' id="Output-1856056345">
Account login successfull<br/>
</div>
</td>
<td></td>
<td>0</td>
<td>framework_testng.Testng_Method_Dependencies@2a18f23c</td></tr>
<tr>
<td title='framework_testng.Testng_Method_Dependencies.Verify_Email_At_inbox()'><b>Verify_Email_At_inbox</b><br>Test class: framework_testng.Testng_Method_Dependencies<br/>
<a href="#Output-269468037" onClick='toggleBox("Output-269468037", this, "Show output", "Hide output");'>Show output</a>

<a href="#Output-269468037" onClick="toggleAllBoxes();">Show all outputs</a>
<div class='log' id="Output-269468037">
email found at inbox<br/>
</div>
</td>
<td></td>
<td>0</td>
<td>framework_testng.Testng_Method_Dependencies@2a18f23c</td></tr>
</table><p>
<table width='100%' border='1' class='invocation-skipped'>
<tr><td colspan='4' align='center'><b>SKIPPED TESTS</b></td></tr>
<tr><td><b>Test method</b></td>
<td width="30%"><b>Exception</b></td>
<td width="10%"><b>Time (seconds)</b></td>
<td><b>Instance</b></td>
</tr>
<tr>
<td title='framework_testng.Testng_Method_Dependencies.Verify_Email_At_Sentemails()'><b>Verify_Email_At_Sentemails</b><br>Test class: framework_testng.Testng_Method_Dependencies</td>
<td><div><pre>java.lang.Throwable: Method Testng_Method_Dependencies.Verify_Email_At_Sentemails()[pri:6, instance:framework_testng.Testng_Method_Dependencies@2a18f23c] depends on not successfully finished methods
	at org.testng.internal.Invoker.invokeTestMethods(Invoker.java:1084)
	at org.testng.internal.TestMethodWorker.invokeTestMethods(TestMethodWorker.java:126)
	at org.testng.internal.TestMethodWorker.run(TestMethodWorker.java:109)
	at org.testng.TestRunner.privateRun(TestRunner.java:744)
	at org.testng.TestRunner.run(TestRunner.java:602)
	at org.testng.SuiteRunner.runTest(SuiteRunner.java:380)
	at org.testng.SuiteRunner.runSequentially(SuiteRunner.java:375)
	at org.testng.SuiteRunner.privateRun(SuiteRunner.java:340)
	at org.testng.SuiteRunner.run(SuiteRunner.java:289)
	at org.testng.SuiteRunnerWorker.runSuite(SuiteRunnerWorker.java:52)
	at org.testng.SuiteRunnerWorker.run(SuiteRunnerWorker.java:86)
	at org.testng.TestNG.runSuitesSequentially(TestNG.java:1301)
	at org.testng.TestNG.runSuitesLocally(TestNG.java:1226)
	at org.testng.TestNG.runSuites(TestNG.java:1144)
	at org.testng.TestNG.run(TestNG.java:1115)
	at org.testng.remote.RemoteTestNG.run(RemoteTestNG.java:113)
	at org.testng.remote.RemoteTestNG.initAndRun(RemoteTestNG.java:206)
	at org.testng.remote.RemoteTestNG.main(RemoteTestNG.java:177)
</pre></div><a href='#' onClick='toggleBox("stack-trace157456214", this, "Click to show all stack frames", "Click to hide stack frames")'>Click to show all stack frames</a>
<div class='stack-trace' id='stack-trace157456214'><pre>java.lang.Throwable: Method Testng_Method_Dependencies.Verify_Email_At_Sentemails()[pri:6, instance:framework_testng.Testng_Method_Dependencies@2a18f23c] depends on not successfully finished methods
	at org.testng.internal.Invoker.invokeTestMethods(Invoker.java:1084)
	at org.testng.internal.TestMethodWorker.invokeTestMethods(TestMethodWorker.java:126)
	at org.testng.internal.TestMethodWorker.run(TestMethodWorker.java:109)
	at org.testng.TestRunner.privateRun(TestRunner.java:744)
	at org.testng.TestRunner.run(TestRunner.java:602)
	at org.testng.SuiteRunner.runTest(SuiteRunner.java:380)
	at org.testng.SuiteRunner.runSequentially(SuiteRunner.java:375)
	at org.testng.SuiteRunner.privateRun(SuiteRunner.java:340)
	at org.testng.SuiteRunner.run(SuiteRunner.java:289)
	at org.testng.SuiteRunnerWorker.runSuite(SuiteRunnerWorker.java:52)
	at org.testng.SuiteRunnerWorker.run(SuiteRunnerWorker.java:86)
	at org.testng.TestNG.runSuitesSequentially(TestNG.java:1301)
	at org.testng.TestNG.runSuitesLocally(TestNG.java:1226)
	at org.testng.TestNG.runSuites(TestNG.java:1144)
	at org.testng.TestNG.run(TestNG.java:1115)
	at org.testng.remote.RemoteTestNG.run(RemoteTestNG.java:113)
	at org.testng.remote.RemoteTestNG.initAndRun(RemoteTestNG.java:206)
	at org.testng.remote.RemoteTestNG.main(RemoteTestNG.java:177)
</pre></div></td>
<td>0</td>
<td>null</td></tr>
</table><p>
</body>
</html>